[2026-04-25 15:29:38,826] INFO axes.apps: AXES: BEGIN version 8.3.1, blocking by ip_address or combination of username and ip_address
[2026-04-25 15:29:39,308] INFO axes.apps: AXES: BEGIN version 8.3.1, blocking by ip_address or combination of username and ip_address
Watching for file changes with StatReloader
[25/Apr/2026 15:29:41] "GET /notifications/feed/ HTTP/1.1" 200 670
[25/Apr/2026 15:30:41] "GET /notifications/feed/ HTTP/1.1" 200 670
[25/Apr/2026 15:31:10] "GET /notifications/feed/ HTTP/1.1" 200 670
[25/Apr/2026 15:31:12] "POST /account/presence-status/ HTTP/1.1" 200 83
[25/Apr/2026 15:31:12] "GET /fund-requests/ HTTP/1.1" 200 155681
[25/Apr/2026 15:31:12] "GET /static/css/site.css HTTP/1.1" 304 0
[25/Apr/2026 15:31:12] "POST /account/presence-status/ HTTP/1.1" 200 82
[25/Apr/2026 15:31:12] "POST /account/presence-status/ HTTP/1.1" 200 82
[25/Apr/2026 15:31:13] "POST /account/presence-status/ HTTP/1.1" 200 83
[25/Apr/2026 15:31:13] "GET /fund-requests/ HTTP/1.1" 200 155681
[25/Apr/2026 15:31:13] "POST /account/presence-status/ HTTP/1.1" 200 82
[25/Apr/2026 15:31:18,039] - Broken pipe from ('127.0.0.1', 60095)
[25/Apr/2026 15:31:18] "GET /fund-request-templates/5/preview/pdf/ HTTP/1.1" 200 246424
[25/Apr/2026 15:31:21] "GET /fund-requests/6/print/ HTTP/1.1" 200 235286
[25/Apr/2026 15:31:34] "GET /notifications/feed/ HTTP/1.1" 200 670
[25/Apr/2026 15:31:36] "GET /fund-requests/6/document/download/ HTTP/1.1" 200 284428
[25/Apr/2026 15:31:44] "GET /fund-request-templates/5/preview/pdf/ HTTP/1.1" 200 246424
[25/Apr/2026 15:31:53] "GET /notifications/feed/ HTTP/1.1" 200 670
[25/Apr/2026 15:32:08] "POST /account/presence-status/ HTTP/1.1" 200 83
[25/Apr/2026 15:32:08] "POST /fund-requests/ HTTP/1.1" 200 156236
[25/Apr/2026 15:32:08] "POST /account/presence-status/ HTTP/1.1" 200 82
[25/Apr/2026 15:32:13] "GET /fund-request-templates/5/preview/pdf/ HTTP/1.1" 200 246424
[25/Apr/2026 15:32:16] "POST /fund-requests/ HTTP/1.1" 302 0
[25/Apr/2026 15:32:16] "GET /fund-requests/ HTTP/1.1" 200 159703
[25/Apr/2026 15:32:18,679] - Broken pipe from ('127.0.0.1', 62269)
[25/Apr/2026 15:32:20] "GET /fund-requests/7/review/ HTTP/1.1" 200 80039
[25/Apr/2026 15:32:20] "POST /account/presence-status/ HTTP/1.1" 200 82
[25/Apr/2026 15:32:20] "GET /media/fund_requests/attachments/request-7_20260425_153216.png HTTP/1.1" 200 40012
[25/Apr/2026 15:32:21,288] - Broken pipe from ('127.0.0.1', 49900)
[25/Apr/2026 15:32:25] "GET /fund-requests/7/review/pdf/ HTTP/1.1" 200 269029
[25/Apr/2026 15:32:32] "POST /account/presence-status/ HTTP/1.1" 200 83
[25/Apr/2026 15:32:32] "POST /account/presence-status/ HTTP/1.1" 200 82
[25/Apr/2026 15:32:37] "GET /fund-request-templates/5/preview/pdf/ HTTP/1.1" 200 246424
[25/Apr/2026 15:32:42,622] - Broken pipe from ('127.0.0.1', 65396)
[25/Apr/2026 15:32:44] "POST /account/presence-status/ HTTP/1.1" 200 82
[25/Apr/2026 15:32:44] "POST /fund-requests/ HTTP/1.1" 200 159935
[25/Apr/2026 15:32:44] "POST /account/presence-status/ HTTP/1.1" 200 49
[25/Apr/2026 15:32:44] "POST /account/presence-status/ HTTP/1.1" 200 82
[25/Apr/2026 15:32:49] "GET /fund-request-templates/5/preview/pdf/ HTTP/1.1" 200 246424
[25/Apr/2026 15:32:50] "POST /account/presence-status/ HTTP/1.1" 200 83
[25/Apr/2026 15:32:50] "POST /fund-requests/ HTTP/1.1" 302 0
[25/Apr/2026 15:32:50] "GET /fund-requests/ HTTP/1.1" 200 160832
[25/Apr/2026 15:32:50] "POST /account/presence-status/ HTTP/1.1" 200 82
[25/Apr/2026 15:32:55,053] - Broken pipe from ('127.0.0.1', 50761)
[25/Apr/2026 15:32:55] "GET /fund-request-templates/5/preview/pdf/ HTTP/1.1" 200 246424
[25/Apr/2026 15:33:02] "GET /fund-requests/7/print/ HTTP/1.1" 200 237288
